<?xml version="1.0" encoding="UTF-8"?>
<testng-results ignored="0" total="6" passed="6" failed="0" skipped="0">
  <reporter-output>
  </reporter-output>
  <suite started-at="2026-04-14T00:36:12 IST" name="E-Commerce Test Suite" finished-at="2026-04-14T00:36:33 IST" duration-ms="21776">
    <groups>
    </groups>
    <test started-at="2026-04-14T00:36:12 IST" name="Login Tests" finished-at="2026-04-14T00:36:20 IST" duration-ms="8003">
      <class name="tests.LoginTest">
        <test-method is-config="true" signature="setUp()[pri:0, instance:tests.LoginTest@2a3b5b47]" started-at="2026-04-14T00:36:12 IST" name="setUp" finished-at="2026-04-14T00:36:15 IST" duration-ms="3472" status="PASS">
          <reporter-output>
          </reporter-output>
        </test-method> <!-- setUp -->
        <test-method signature="invalidLoginTest()[pri:0, instance:tests.LoginTest@2a3b5b47]" started-at="2026-04-14T00:36:15 IST" name="invalidLoginTest" description="Invalid login should show error message" finished-at="2026-04-14T00:36:16 IST" duration-ms="647" status="PASS">
          <reporter-output>
          </reporter-output>
        </test-method> <!-- invalidLoginTest -->
        <test-method is-config="true" signature="tearDown()[pri:0, instance:tests.LoginTest@2a3b5b47]" started-at="2026-04-14T00:36:16 IST" name="tearDown" finished-at="2026-04-14T00:36:16 IST" duration-ms="302" status="PASS">
          <reporter-output>
          </reporter-output>
        </test-method> <!-- tearDown -->
        <test-method is-config="true" signature="setUp()[pri:0, instance:tests.LoginTest@2a3b5b47]" started-at="2026-04-14T00:36:16 IST" name="setUp" finished-at="2026-04-14T00:36:19 IST" duration-ms="2650" status="PASS">
          <reporter-output>
          </reporter-output>
        </test-method> <!-- setUp -->
        <test-method signature="validLoginTest()[pri:0, instance:tests.LoginTest@2a3b5b47]" started-at="2026-04-14T00:36:19 IST" name="validLoginTest" description="Valid login should reach inventory page" finished-at="2026-04-14T00:36:19 IST" duration-ms="620" status="PASS">
          <reporter-output>
          </reporter-output>
        </test-method> <!-- validLoginTest -->
        <test-method is-config="true" signature="tearDown()[pri:0, instance:tests.LoginTest@2a3b5b47]" started-at="2026-04-14T00:36:19 IST" name="tearDown" finished-at="2026-04-14T00:36:20 IST" duration-ms="236" status="PASS">
          <reporter-output>
          </reporter-output>
        </test-method> <!-- tearDown -->
      </class> <!-- tests.LoginTest -->
    </test> <!-- Login Tests -->
    <test started-at="2026-04-14T00:36:20 IST" name="Cart Tests" finished-at="2026-04-14T00:36:27 IST" duration-ms="6838">
      <class name="tests.CartTest">
        <test-method is-config="true" signature="setUp()[pri:0, instance:tests.CartTest@62ddbd7e]" started-at="2026-04-14T00:36:20 IST" name="setUp" finished-at="2026-04-14T00:36:22 IST" duration-ms="1880" status="PASS">
          <reporter-output>
          </reporter-output>
        </test-method> <!-- setUp -->
        <test-method signature="addToCartTest()[pri:0, instance:tests.CartTest@62ddbd7e]" started-at="2026-04-14T00:36:22 IST" name="addToCartTest" description="Adding item to cart should update cart count to 1" finished-at="2026-04-14T00:36:22 IST" duration-ms="592" status="PASS">
          <reporter-output>
          </reporter-output>
        </test-method> <!-- addToCartTest -->
        <test-method is-config="true" signature="tearDown()[pri:0, instance:tests.CartTest@62ddbd7e]" started-at="2026-04-14T00:36:22 IST" name="tearDown" finished-at="2026-04-14T00:36:22 IST" duration-ms="222" status="PASS">
          <reporter-output>
          </reporter-output>
        </test-method> <!-- tearDown -->
        <test-method is-config="true" signature="setUp()[pri:0, instance:tests.CartTest@62ddbd7e]" started-at="2026-04-14T00:36:22 IST" name="setUp" finished-at="2026-04-14T00:36:25 IST" duration-ms="3065" status="PASS">
          <reporter-output>
          </reporter-output>
        </test-method> <!-- setUp -->
        <test-method signature="cartItemVisibleTest()[pri:0, instance:tests.CartTest@62ddbd7e]" started-at="2026-04-14T00:36:25 IST" name="cartItemVisibleTest" description="Cart page should display added item" finished-at="2026-04-14T00:36:26 IST" duration-ms="842" status="PASS">
          <reporter-output>
          </reporter-output>
        </test-method> <!-- cartItemVisibleTest -->
        <test-method is-config="true" signature="tearDown()[pri:0, instance:tests.CartTest@62ddbd7e]" started-at="2026-04-14T00:36:26 IST" name="tearDown" finished-at="2026-04-14T00:36:27 IST" duration-ms="229" status="PASS">
          <reporter-output>
          </reporter-output>
        </test-method> <!-- tearDown -->
      </class> <!-- tests.CartTest -->
    </test> <!-- Cart Tests -->
    <test started-at="2026-04-14T00:36:27 IST" name="Payment Tests" finished-at="2026-04-14T00:36:33 IST" duration-ms="6875">
      <class name="tests.PaymentTest">
        <test-method is-config="true" signature="setUp()[pri:0, instance:tests.PaymentTest@489115ef]" started-at="2026-04-14T00:36:27 IST" name="setUp" finished-at="2026-04-14T00:36:29 IST" duration-ms="2160" status="PASS">
          <reporter-output>
          </reporter-output>
        </test-method> <!-- setUp -->
        <test-method signature="checkoutNavigationTest()[pri:0, instance:tests.PaymentTest@489115ef]" started-at="2026-04-14T00:36:29 IST" name="checkoutNavigationTest" description="Checkout button should navigate to shipping details page" finished-at="2026-04-14T00:36:29 IST" duration-ms="710" status="PASS">
          <reporter-output>
          </reporter-output>
        </test-method> <!-- checkoutNavigationTest -->
        <test-method is-config="true" signature="tearDown()[pri:0, instance:tests.PaymentTest@489115ef]" started-at="2026-04-14T00:36:29 IST" name="tearDown" finished-at="2026-04-14T00:36:30 IST" duration-ms="263" status="PASS">
          <reporter-output>
          </reporter-output>
        </test-method> <!-- tearDown -->
        <test-method is-config="true" signature="setUp()[pri:0, instance:tests.PaymentTest@489115ef]" started-at="2026-04-14T00:36:30 IST" name="setUp" finished-at="2026-04-14T00:36:32 IST" duration-ms="2141" status="PASS">
          <reporter-output>
          </reporter-output>
        </test-method> <!-- setUp -->
        <test-method signature="checkoutWorkflowTest()[pri:0, instance:tests.PaymentTest@489115ef]" started-at="2026-04-14T00:36:32 IST" name="checkoutWorkflowTest" description="Complete end to end checkout workflow" finished-at="2026-04-14T00:36:33 IST" duration-ms="1362" status="PASS">
          <reporter-output>
          </reporter-output>
        </test-method> <!-- checkoutWorkflowTest -->
        <test-method is-config="true" signature="tearDown()[pri:0, instance:tests.PaymentTest@489115ef]" started-at="2026-04-14T00:36:33 IST" name="tearDown" finished-at="2026-04-14T00:36:33 IST" duration-ms="231" status="PASS">
          <reporter-output>
          </reporter-output>
        </test-method> <!-- tearDown -->
      </class> <!-- tests.PaymentTest -->
    </test> <!-- Payment Tests -->
  </suite> <!-- E-Commerce Test Suite -->
</testng-results>
